This is pdfTeX, Version 3.141592653-2.6-1.40.25 (MiKTeX 23.5) (preloaded format=pdflatex 2023.9.18)  12 OCT 2023 22:24
entering extended mode
 restricted \write18 enabled.
 file:line:error style messages enabled.
 %&-line parsing enabled.
**"c:/Users/filip/OneDrive/Documentos/Research/PCMs and climate change (TCC)/preprint.tex"
(c:/Users/filip/OneDrive/Documentos/Research/PCMs and climate change (TCC)/preprint.tex
LaTeX2e <2023-06-01> patch level 1
L3 programming layer <2023-08-29>
(C:\Users\filip\AppData\Local\Programs\MiKTeX\tex/latex/elsarticle\elsarticle.cls
Document Class: elsarticle 2020/11/20, 3.3: Elsevier Ltd
(C:\Users\filip\AppData\Local\Programs\MiKTeX\tex/latex/l3kernel\expl3.sty
Package: expl3 2023-08-29 L3 programming layer (loader) 
 (C:\Users\filip\AppData\Local\Programs\MiKTeX\tex/latex/l3backend\l3backend-pdftex.def
File: l3backend-pdftex.def 2023-04-19 L3 backend support: PDF output (pdfTeX)
\l__color_backend_stack_int=\count185
\l__pdf_internal_box=\box51
)) (C:\Users\filip\AppData\Local\Programs\MiKTeX\tex/latex/l3packages/xparse\xparse.sty
Package: xparse 2023-08-29 L3 Experimental document command parser
) (C:\Users\filip\AppData\Local\Programs\MiKTeX\tex/latex/etoolbox\etoolbox.sty
Package: etoolbox 2020/10/05 v2.5k e-TeX tools for LaTeX (JAW)
\etb@tempcnta=\count186
)
\@bls=\dimen140
 (C:\Users\filip\AppData\Local\Programs\MiKTeX\tex/latex/base\article.cls
Document Class: article 2023/05/17 v1.4n Standard LaTeX document class
(C:\Users\filip\AppData\Local\Programs\MiKTeX\tex/latex/base\size12.clo
File: size12.clo 2023/05/17 v1.4n Standard LaTeX file (size option)
)
\c@part=\count187
\c@section=\count188
\c@subsection=\count189
\c@subsubsection=\count190
\c@paragraph=\count191
\c@subparagraph=\count192
\c@figure=\count193
\c@table=\count194
\abovecaptionskip=\skip48
\belowcaptionskip=\skip49
\bibindent=\dimen141
) (C:\Users\filip\AppData\Local\Programs\MiKTeX\tex/latex/graphics\graphicx.sty
Package: graphicx 2021/09/16 v1.2d Enhanced LaTeX Graphics (DPC,SPQR)
 (C:\Users\filip\AppData\Local\Programs\MiKTeX\tex/latex/graphics\keyval.sty
Package: keyval 2022/05/29 v1.15 key=value parser (DPC)
\KV@toks@=\toks17
) (C:\Users\filip\AppData\Local\Programs\MiKTeX\tex/latex/graphics\graphics.sty
Package: graphics 2022/03/10 v1.4e Standard LaTeX Graphics (DPC,SPQR)
 (C:\Users\filip\AppData\Local\Programs\MiKTeX\tex/latex/graphics\trig.sty
Package: trig 2021/08/11 v1.11 sin cos tan (DPC)
) (C:\Users\filip\AppData\Local\Programs\MiKTeX\tex/latex/graphics-cfg\graphics.cfg
File: graphics.cfg 2016/06/04 v1.11 sample graphics configuration
)
Package graphics Info: Driver file: pdftex.def on input line 107.
 (C:\Users\filip\AppData\Local\Programs\MiKTeX\tex/latex/graphics-def\pdftex.def
File: pdftex.def 2022/09/22 v1.2b Graphics/color driver for pdftex
))
\Gin@req@height=\dimen142
\Gin@req@width=\dimen143
)
\c@tnote=\count195
\c@fnote=\count196
\c@cnote=\count197
\c@ead=\count198
\c@author=\count199
\@eadauthor=\toks18
\c@affn=\count266
\absbox=\box52
\elsarticlehighlightsbox=\box53
\elsarticlegrabsbox=\box54
\keybox=\box55
\Columnwidth=\dimen144
\space@left=\dimen145
\els@boxa=\box56
\els@boxb=\box57
\leftMargin=\dimen146
\@enLab=\toks19
\@sep=\skip50
\@@sep=\skip51
 (preprint.spl) (C:\Users\filip\AppData\Local\Programs\MiKTeX\tex/latex/natbib\natbib.sty
Package: natbib 2010/09/13 8.31b (PWD, AO)
\bibhang=\skip52
\bibsep=\skip53
LaTeX Info: Redefining \cite on input line 694.
\c@NAT@ctr=\count267
)
\splwrite=\write3
\openout3 = `preprint.spl'.

\appnamewidth=\dimen147
) (C:\Users\filip\AppData\Local\Programs\MiKTeX\tex/latex/amsfonts\amssymb.sty
Package: amssymb 2013/01/14 v3.01 AMS font symbols
 (C:\Users\filip\AppData\Local\Programs\MiKTeX\tex/latex/amsfonts\amsfonts.sty
Package: amsfonts 2013/01/14 v3.01 Basic AMSFonts support
\@emptytoks=\toks20
\symAMSa=\mathgroup4
\symAMSb=\mathgroup5
LaTeX Font Info:    Redeclaring math symbol \hbar on input line 98.
LaTeX Font Info:    Overwriting math alphabet `\mathfrak' in version `bold'
(Font)                  U/euf/m/n --> U/euf/b/n on input line 106.
)) (C:\Users\filip\AppData\Local\Programs\MiKTeX\tex/latex/amsmath\amsmath.sty
Package: amsmath 2023/05/13 v2.17o AMS math features
\@mathmargin=\skip54

For additional information on amsmath, use the `?' option.
(C:\Users\filip\AppData\Local\Programs\MiKTeX\tex/latex/amsmath\amstext.sty
Package: amstext 2021/08/26 v2.01 AMS text
 (C:\Users\filip\AppData\Local\Programs\MiKTeX\tex/latex/amsmath\amsgen.sty
File: amsgen.sty 1999/11/30 v2.0 generic functions
\@emptytoks=\toks21
\ex@=\dimen148
)) (C:\Users\filip\AppData\Local\Programs\MiKTeX\tex/latex/amsmath\amsbsy.sty
Package: amsbsy 1999/11/29 v1.2d Bold Symbols
\pmbraise@=\dimen149
) (C:\Users\filip\AppData\Local\Programs\MiKTeX\tex/latex/amsmath\amsopn.sty
Package: amsopn 2022/04/08 v2.04 operator names
)
\inf@bad=\count268
LaTeX Info: Redefining \frac on input line 234.
\uproot@=\count269
\leftroot@=\count270
LaTeX Info: Redefining \overline on input line 399.
LaTeX Info: Redefining \colon on input line 410.
\classnum@=\count271
\DOTSCASE@=\count272
LaTeX Info: Redefining \ldots on input line 496.
LaTeX Info: Redefining \dots on input line 499.
LaTeX Info: Redefining \cdots on input line 620.
\Mathstrutbox@=\box58
\strutbox@=\box59
LaTeX Info: Redefining \big on input line 722.
LaTeX Info: Redefining \Big on input line 723.
LaTeX Info: Redefining \bigg on input line 724.
LaTeX Info: Redefining \Bigg on input line 725.
\big@size=\dimen150
LaTeX Font Info:    Redeclaring font encoding OML on input line 743.
LaTeX Font Info:    Redeclaring font encoding OMS on input line 744.
\macc@depth=\count273
LaTeX Info: Redefining \bmod on input line 905.
LaTeX Info: Redefining \pmod on input line 910.
LaTeX Info: Redefining \smash on input line 940.
LaTeX Info: Redefining \relbar on input line 970.
LaTeX Info: Redefining \Relbar on input line 971.
\c@MaxMatrixCols=\count274
\dotsspace@=\muskip16
\c@parentequation=\count275
\dspbrk@lvl=\count276
\tag@help=\toks22
\row@=\count277
\column@=\count278
\maxfields@=\count279
\andhelp@=\toks23
\eqnshift@=\dimen151
\alignsep@=\dimen152
\tagshift@=\dimen153
\tagwidth@=\dimen154
\totwidth@=\dimen155
\lineht@=\dimen156
\@envbody=\toks24
\multlinegap=\skip55
\multlinetaggap=\skip56
\mathdisplay@stack=\toks25
LaTeX Info: Redefining \[ on input line 2953.
LaTeX Info: Redefining \] on input line 2954.
) (C:\Users\filip\AppData\Local\Programs\MiKTeX\tex/latex/makecell\makecell.sty
Package: makecell 2009/08/03 V0.1e Managing of Tab Column Heads and Cells
 (C:\Users\filip\AppData\Local\Programs\MiKTeX\tex/latex/tools\array.sty
Package: array 2022/09/04 v2.5g Tabular extension package (FMi)
\col@sep=\dimen157
\ar@mcellbox=\box60
\extrarowheight=\dimen158
\NC@list=\toks26
\extratabsurround=\skip57
\backup@length=\skip58
\ar@cellbox=\box61
)
\rotheadsize=\dimen159
\c@nlinenum=\count280
\TeXr@lab=\toks27
) (C:\Users\filip\AppData\Local\Programs\MiKTeX\tex/latex/subfig\subfig.sty
Package: subfig 2005/06/28 ver: 1.3 subfig package
 (C:\Users\filip\AppData\Local\Programs\MiKTeX\tex/latex/caption\caption.sty
Package: caption 2023/07/31 v3.6n Customizing captions (AR)
 (C:\Users\filip\AppData\Local\Programs\MiKTeX\tex/latex/caption\caption3.sty
Package: caption3 2023/07/31 v2.4d caption3 kernel (AR)
\caption@tempdima=\dimen160
\captionmargin=\dimen161
\caption@leftmargin=\dimen162
\caption@rightmargin=\dimen163
\caption@width=\dimen164
\caption@indent=\dimen165
\caption@parindent=\dimen166
\caption@hangindent=\dimen167
Package caption Info: elsarticle document class detected.
 (C:\Users\filip\AppData\Local\Programs\MiKTeX\tex/latex/caption\caption-elsarticle.sto
File: caption-elsarticle.sto 2020/08/22 v2.0 Adaption of the caption package to the elsarticle document class (AR)
))
\c@caption@flags=\count281
\c@continuedfloat=\count282
)
\c@KVtest=\count283
\sf@farskip=\skip59
\sf@captopadj=\dimen168
\sf@capskip=\skip60
\sf@nearskip=\skip61
\c@subfigure=\count284
\c@subfigure@save=\count285
\c@lofdepth=\count286
\c@subtable=\count287
\c@subtable@save=\count288
\c@lotdepth=\count289
\sf@top=\skip62
\sf@bottom=\skip63
) (C:\Users\filip\AppData\Local\Programs\MiKTeX\tex/latex/booktabs\booktabs.sty
Package: booktabs 2020/01/12 v1.61803398 Publication quality tables
\heavyrulewidth=\dimen169
\lightrulewidth=\dimen170
\cmidrulewidth=\dimen171
\belowrulesep=\dimen172
\belowbottomsep=\dimen173
\aboverulesep=\dimen174
\abovetopsep=\dimen175
\cmidrulesep=\dimen176
\cmidrulekern=\dimen177
\defaultaddspace=\dimen178
\@cmidla=\count290
\@cmidlb=\count291
\@aboverulesep=\dimen179
\@belowrulesep=\dimen180
\@thisruleclass=\count292
\@lastruleclass=\count293
\@thisrulewidth=\dimen181
) (C:\Users\filip\AppData\Local\Programs\MiKTeX\tex/latex/float\float.sty
Package: float 2001/11/08 v1.3d Float enhancements (AL)
\c@float@type=\count294
\float@exts=\toks28
\float@box=\box62
\@float@everytoks=\toks29
\@floatcapt=\box63
)

LaTeX Warning: Unused global option(s):
    [2023].

(preprint.aux)
\openout1 = `preprint.aux'.

LaTeX Font Info:    Checking defaults for OML/cmm/m/it on input line 14.
LaTeX Font Info:    ... okay on input line 14.
LaTeX Font Info:    Checking defaults for OMS/cmsy/m/n on input line 14.
LaTeX Font Info:    ... okay on input line 14.
LaTeX Font Info:    Checking defaults for OT1/cmr/m/n on input line 14.
LaTeX Font Info:    ... okay on input line 14.
LaTeX Font Info:    Checking defaults for T1/cmr/m/n on input line 14.
LaTeX Font Info:    ... okay on input line 14.
LaTeX Font Info:    Checking defaults for TS1/cmr/m/n on input line 14.
LaTeX Font Info:    ... okay on input line 14.
LaTeX Font Info:    Checking defaults for OMX/cmex/m/n on input line 14.
LaTeX Font Info:    ... okay on input line 14.
LaTeX Font Info:    Checking defaults for U/cmr/m/n on input line 14.
LaTeX Font Info:    ... okay on input line 14.
 (C:\Users\filip\AppData\Local\Programs\MiKTeX\tex/context/base/mkii\supp-pdf.mkii
[Loading MPS to PDF converter (version 2006.09.02).]
\scratchcounter=\count295
\scratchdimen=\dimen182
\scratchbox=\box64
\nofMPsegments=\count296
\nofMParguments=\count297
\everyMPshowfont=\toks30
\MPscratchCnt=\count298
\MPscratchDim=\dimen183
\MPnumerator=\count299
\makeMPintoPDFobject=\count300
\everyMPtoPDFconversion=\toks31
) (C:\Users\filip\AppData\Local\Programs\MiKTeX\tex/latex/epstopdf-pkg\epstopdf-base.sty
Package: epstopdf-base 2020-01-24 v2.11 Base part for package epstopdf
Package epstopdf-base Info: Redefining graphics rule for `.eps' on input line 485.
 (C:\Users\filip\AppData\Local\Programs\MiKTeX\tex/latex/00miktex\epstopdf-sys.cfg
File: epstopdf-sys.cfg 2021/03/18 v2.0 Configuration of epstopdf for MiKTeX
))
Package caption Info: Begin \AtBeginDocument code.
Package caption Info: subfig package v1.3 is loaded.
Package caption Info: float package is loaded.
Package caption Info: End \AtBeginDocument code.
 [1

{C:/Users/filip/AppData/Local/MiKTeX/fonts/map/pdftex/pdftex.map}] [2

]
LaTeX Font Info:    Trying to load font information for U+msa on input line 66.
 (C:\Users\filip\AppData\Local\Programs\MiKTeX\tex/latex/amsfonts\umsa.fd
File: umsa.fd 2013/01/14 v3.01 AMS symbols A
)
LaTeX Font Info:    Trying to load font information for U+msb on input line 66.
 (C:\Users\filip\AppData\Local\Programs\MiKTeX\tex/latex/amsfonts\umsb.fd
File: umsb.fd 2013/01/14 v3.01 AMS symbols B
)
Overfull \hbox (2.61108pt too wide) has occurred while \output is active
[] 
 []

[1


] [2] [3] [4] [5] [6]
Overfull \hbox (0.85751pt too wide) in paragraph at lines 115--116
\OT1/cmr/m/n/12 shape sta-bi-liza-tion; among these, en-cap-su-la-tion is the most promis-ing method
 []

<images/pcm working ranges.jpg, id=39, 691.08188pt x 413.29407pt>
File: images/pcm working ranges.jpg Graphic file (type jpg)
<use images/pcm working ranges.jpg>
Package pdftex.def Info: images/pcm working ranges.jpg  used on input line 121.
(pdftex.def)             Requested size: 272.99881pt x 163.26512pt.
[7 <./images/pcm working ranges.jpg>]
<images/hysteresis curve.jpg, id=44, 719.68875pt x 401.24907pt>
File: images/hysteresis curve.jpg Graphic file (type jpg)
<use images/hysteresis curve.jpg>
Package pdftex.def Info: images/hysteresis curve.jpg  used on input line 141.
(pdftex.def)             Requested size: 272.99881pt x 152.20683pt.
 [8]
<images/system nodes.jpg, id=51, 840.89156pt x 395.97937pt>
File: images/system nodes.jpg Graphic file (type jpg)
<use images/system nodes.jpg>
Package pdftex.def Info: images/system nodes.jpg  used on input line 151.
(pdftex.def)             Requested size: 234.00238pt x 110.1907pt.


LaTeX Warning: `!h' float specifier changed to `!ht'.

[9 <./images/hysteresis curve.jpg>]
<images/discretization.jpg, id=57, 828.09375pt x 240.9pt>
File: images/discretization.jpg Graphic file (type jpg)
<use images/discretization.jpg>
Package pdftex.def Info: images/discretization.jpg  used on input line 207.
(pdftex.def)             Requested size: 370.49881pt x 107.78278pt.

Overfull \hbox (11.00938pt too wide) in paragraph at lines 204--212
\OT1/cmr/m/n/12 nite dif-fer-ence al-go-rithm Con-duc-tion Fi-nite Dif-fer-ence (CondFD) [[]]. Through
 []

[10 <./images/system nodes.jpg> <./images/discretization.jpg>]
Overfull \hbox (1.48355pt too wide) in paragraph at lines 231--232
[]\OT1/cmr/m/n/12 In other words, En-er-gy-Plus con-sid-ers the PCM as a solid medium through-
 []

[11]
Overfull \hbox (0.2529pt too wide) in paragraph at lines 246--247
[]\OT1/cmr/m/n/12 Equation 7[] iden-ti-fies Crank Nichol-son's semi-implicit second-order scheme
 []

[12] [13]
Overfull \hbox (7.16162pt too wide) in paragraph at lines 300--307
 [][] 
 []

[14] [15]

LaTeX Warning: Reference `tb 2' on page 16 undefined on input line 333.

[16]
<images/geometry.jpg, id=80, 601.4972pt x 262.73157pt>
File: images/geometry.jpg Graphic file (type jpg)
<use images/geometry.jpg>
Package pdftex.def Info: images/geometry.jpg  used on input line 356.
(pdftex.def)             Requested size: 272.99881pt x 119.24637pt.
 [17] [18 <./images/geometry.jpg>]
<images/thermal zones.jpg, id=88, 542.025pt x 339.51843pt>
File: images/thermal zones.jpg Graphic file (type jpg)
<use images/thermal zones.jpg>
Package pdftex.def Info: images/thermal zones.jpg  used on input line 378.
(pdftex.def)             Requested size: 142.26378pt x 89.11197pt.
<images/building division.jpg, id=89, 605.26125pt x 289.83281pt>
File: images/building division.jpg Graphic file (type jpg)
<use images/building division.jpg>
Package pdftex.def Info: images/building division.jpg  used on input line 380.
(pdftex.def)             Requested size: 199.16928pt x 95.37093pt.
 [19 <./images/thermal zones.jpg> <./images/building division.jpg>]
Overfull \hbox (0.6186pt too wide) in paragraph at lines 391--403
 [][] 
 []

[20]
<images/roof section.jpg, id=96, 536.0025pt x 307.90031pt>
File: images/roof section.jpg Graphic file (type jpg)
<use images/roof section.jpg>
Package pdftex.def Info: images/roof section.jpg  used on input line 429.
(pdftex.def)             Requested size: 170.71652pt x 98.06499pt.
<images/wall section.jpg, id=97, 528.47438pt x 392.21532pt>
File: images/wall section.jpg Graphic file (type jpg)
<use images/wall section.jpg>
Package pdftex.def Info: images/wall section.jpg  used on input line 431.
(pdftex.def)             Requested size: 170.71652pt x 126.69643pt.
 [21 <./images/roof section.jpg> <./images/wall section.jpg>] [22] [23]
<images/EUI comp Curitiba.png, id=108, 1259.688pt x 424.86pt>
File: images/EUI comp Curitiba.png Graphic file (type png)
<use images/EUI comp Curitiba.png>
Package pdftex.def Info: images/EUI comp Curitiba.png  used on input line 512.
(pdftex.def)             Requested size: 390.0pt x 131.53668pt.
 [24] [25 <./images/EUI comp Curitiba.png>]
<images/zn3 curitiba.png, id=117, 1266.477pt x 422.889pt>
File: images/zn3 curitiba.png Graphic file (type png)
<use images/zn3 curitiba.png>
Package pdftex.def Info: images/zn3 curitiba.png  used on input line 527.
(pdftex.def)             Requested size: 390.0pt x 130.22311pt.
 [26 <./images/zn3 curitiba.png>]
<images/tq zn3 curitiba.png, id=122, 1327.797pt x 506.547pt>
File: images/tq zn3 curitiba.png Graphic file (type png)
<use images/tq zn3 curitiba.png>
Package pdftex.def Info: images/tq zn3 curitiba.png  used on input line 536.
(pdftex.def)             Requested size: 390.0pt x 148.7808pt.
 [27 <./images/tq zn3 curitiba.png>]
<images/pcm zn3 curitiba.png, id=127, 1313.0145pt x 417.633pt>
File: images/pcm zn3 curitiba.png Graphic file (type png)
<use images/pcm zn3 curitiba.png>
Package pdftex.def Info: images/pcm zn3 curitiba.png  used on input line 549.
(pdftex.def)             Requested size: 390.0pt x 124.0482pt.
 [28 <./images/pcm zn3 curitiba.png>]
<images/zn1 curitiba.png, id=132, 1266.477pt x 422.889pt>
File: images/zn1 curitiba.png Graphic file (type png)
<use images/zn1 curitiba.png>
Package pdftex.def Info: images/zn1 curitiba.png  used on input line 561.
(pdftex.def)             Requested size: 390.0pt x 130.22311pt.
<images/tq zn1 curitiba.png, id=133, 1327.797pt x 506.547pt>
File: images/tq zn1 curitiba.png Graphic file (type png)
<use images/tq zn1 curitiba.png>
Package pdftex.def Info: images/tq zn1 curitiba.png  used on input line 570.
(pdftex.def)             Requested size: 390.0pt x 148.7808pt.
 [29 <./images/zn1 curitiba.png>] [30 <./images/tq zn1 curitiba.png>]
<images/pcm zn1 curitiba.png, id=143, 1313.0145pt x 417.633pt>
File: images/pcm zn1 curitiba.png Graphic file (type png)
<use images/pcm zn1 curitiba.png>
Package pdftex.def Info: images/pcm zn1 curitiba.png  used on input line 581.
(pdftex.def)             Requested size: 390.0pt x 124.0482pt.
<images/plenum curitiba.png, id=144, 1266.477pt x 422.889pt>
File: images/plenum curitiba.png Graphic file (type png)
<use images/plenum curitiba.png>
Package pdftex.def Info: images/plenum curitiba.png  used on input line 591.
(pdftex.def)             Requested size: 390.0pt x 130.22311pt.
 [31 <./images/pcm zn1 curitiba.png> <./images/plenum curitiba.png>]
<images/tq plenum curitiba.png, id=150, 1327.797pt x 506.547pt>
File: images/tq plenum curitiba.png Graphic file (type png)
<use images/tq plenum curitiba.png>
Package pdftex.def Info: images/tq plenum curitiba.png  used on input line 600.
(pdftex.def)             Requested size: 390.0pt x 148.7808pt.
<images/pcm plenum curitiba.png, id=151, 1313.0145pt x 417.633pt>
File: images/pcm plenum curitiba.png Graphic file (type png)
<use images/pcm plenum curitiba.png>
Package pdftex.def Info: images/pcm plenum curitiba.png  used on input line 607.
(pdftex.def)             Requested size: 390.0pt x 124.0482pt.
 [32 <./images/tq plenum curitiba.png>]
<images/EUI comp rj.png, id=156, 1259.688pt x 424.86pt>
File: images/EUI comp rj.png Graphic file (type png)
<use images/EUI comp rj.png>
Package pdftex.def Info: images/EUI comp rj.png  used on input line 622.
(pdftex.def)             Requested size: 390.0pt x 131.53668pt.
 [33 <./images/pcm plenum curitiba.png>]
<images/zn3 rj.png, id=161, 1266.477pt x 422.889pt>
File: images/zn3 rj.png Graphic file (type png)
<use images/zn3 rj.png>
Package pdftex.def Info: images/zn3 rj.png  used on input line 635.
(pdftex.def)             Requested size: 390.0pt x 130.22311pt.
 [34 <./images/EUI comp rj.png>]
<images/tq zn3 rj.png, id=166, 1327.797pt x 506.547pt>
File: images/tq zn3 rj.png Graphic file (type png)
<use images/tq zn3 rj.png>
Package pdftex.def Info: images/tq zn3 rj.png  used on input line 646.
(pdftex.def)             Requested size: 390.0pt x 148.7808pt.
 [35 <./images/zn3 rj.png>]
<images/pcm zn3 rj.png, id=172, 1312.905pt x 417.633pt>
File: images/pcm zn3 rj.png Graphic file (type png)
<use images/pcm zn3 rj.png>
Package pdftex.def Info: images/pcm zn3 rj.png  used on input line 655.
(pdftex.def)             Requested size: 390.0pt x 124.05458pt.
 [36 <./images/tq zn3 rj.png> <./images/pcm zn3 rj.png>]
<images/zn1 rj.png, id=178, 1266.477pt x 422.889pt>
File: images/zn1 rj.png Graphic file (type png)
<use images/zn1 rj.png>
Package pdftex.def Info: images/zn1 rj.png  used on input line 668.
(pdftex.def)             Requested size: 390.0pt x 130.22311pt.
<images/tq zn1 rj.png, id=179, 1327.797pt x 506.547pt>
File: images/tq zn1 rj.png Graphic file (type png)
<use images/tq zn1 rj.png>
Package pdftex.def Info: images/tq zn1 rj.png  used on input line 677.
(pdftex.def)             Requested size: 390.0pt x 148.7808pt.
 [37 <./images/zn1 rj.png>]
<images/pcm zn1 rj.png, id=184, 1312.905pt x 417.633pt>
File: images/pcm zn1 rj.png Graphic file (type png)
<use images/pcm zn1 rj.png>
Package pdftex.def Info: images/pcm zn1 rj.png  used on input line 686.
(pdftex.def)             Requested size: 390.0pt x 124.05458pt.
 [38 <./images/tq zn1 rj.png> <./images/pcm zn1 rj.png>]
File: images/plenum curitiba.png Graphic file (type png)
<use images/plenum curitiba.png>
Package pdftex.def Info: images/plenum curitiba.png  used on input line 697.
(pdftex.def)             Requested size: 390.0pt x 130.22311pt.
File: images/tq plenum curitiba.png Graphic file (type png)
<use images/tq plenum curitiba.png>
Package pdftex.def Info: images/tq plenum curitiba.png  used on input line 708.
(pdftex.def)             Requested size: 390.0pt x 148.7808pt.
 [39]
File: images/pcm plenum curitiba.png Graphic file (type png)
<use images/pcm plenum curitiba.png>
Package pdftex.def Info: images/pcm plenum curitiba.png  used on input line 717.
(pdftex.def)             Requested size: 390.0pt x 124.0482pt.
 [40] [41] [42] (preprint.bbl
Underfull \hbox (badness 10000) in paragraph at lines 9--13
[]\OT1/cmr/m/n/12 Empresa de Pesquisa En-erg^^Setica, At-
 []


Underfull \hbox (badness 10000) in paragraph at lines 9--13
\OT1/cmr/m/n/12 las da efici^encia en-erg^^Setica brasil 2021,
 []


Overfull \hbox (285.7917pt too wide) in paragraph at lines 9--13
\OT1/cmtt/m/n/12 https://www.epe.gov.br/pt/publicacoes-dadosabertos/publicacoes/atlas-da-eficiencia-energetica-brasil-2021\OT1/cmr/m/n/12 ,
 []


Underfull \hbox (badness 10000) in paragraph at lines 24--26
[]\OT1/cmr/m/n/12 U. S. De-part-ment of En-ergy, En-er-gy-plus, ver-sion 9.2,
 []


Underfull \hbox (badness 2253) in paragraph at lines 34--37
\OT1/cmr/m/n/12 sion 1.9, \OT1/cmtt/m/n/12 https://energy.soton.ac.uk/ccworldweathergen/\OT1/cmr/m/n/12 , ac-
 []

[43] [44] [45]
Underfull \hbox (badness 10000) in paragraph at lines 153--156
[]\OT1/cmr/m/n/12 U. S. De-part-ment of En-ergy, Pro-to-type build-ing mod-els,
 []


Overfull \hbox (14.09157pt too wide) in paragraph at lines 153--156
\OT1/cmtt/m/n/12 https://www.energycodes.gov/prototype-building-models#Weather\OT1/cmr/m/n/12 ,
 []


Underfull \hbox (badness 3557) in paragraph at lines 162--166
[]\OT1/cmr/m/n/12 Instituto Brasileiro de Ge-ografia e Es-tat^^S^^Pstica, Pop-ula^^Xc~ao es-ti-
 []


Underfull \hbox (badness 2799) in paragraph at lines 162--166
\OT1/cmr/m/n/12 mada do pa^^S^^Ps chega a 213,3 milh~oes de habi-tantes em 2021,
 []


Overfull \hbox (1107.06711pt too wide) in paragraph at lines 162--166
\OT1/cmtt/m/n/12 https://agenciadenoticias.ibge.gov.br/agencia-noticias/2012-agencia-de-noticias/noticias/31458-populacao-estimada-do-pais-chega-a-213-3-milhoes-de-habitantes-em-2021#:~:text=O%20munic%C3%ADpio%20de%20S%C3%A3o%20Paulo,(2%2C7%20milh%C3%B5es)\OT1/cmr/m/n/12 ,
 []


Underfull \hbox (badness 10000) in paragraph at lines 172--176
[]\OT1/cmr/m/n/12 Intergovernmental Panel on Cli-mate Change, Hadcm3
 []


Underfull \hbox (badness 10000) in paragraph at lines 172--176
\OT1/cmr/m/n/12 cli-mate sce-nario data -- data dis-tri-bu-tion cen-tre,
 []


Overfull \hbox (52.12958pt too wide) in paragraph at lines 172--176
\OT1/cmtt/m/n/12 https://www.ipcc-data.org/sim/gcm[]clim/SRES[]TAR/hadcm3[]download.html\OT1/cmr/m/n/12 ,
 []


Overfull \hbox (317.83069pt too wide) in paragraph at lines 194--197
[]\OT1/cmr/m/n/12 RUBITHERM, SP24E Data Sheet, \OT1/cmtt/m/n/12 https://www.rubitherm.eu/media/products/datasheets/Techdata[],SP24E[]EN[]12072022.PDF\OT1/cmr/m/n/12 ,
 []


Overfull \hbox (74.59851pt too wide) in paragraph at lines 199--202
[]\OT1/cmr/m/n/12 RUBITHERM, Build-ings, \OT1/cmtt/m/n/12 https://www.rubitherm.eu/en/applications/building\OT1/cmr/m/n/12 ,
 []

[46]
Underfull \hbox (badness 10000) in paragraph at lines 209--212
[]\OT1/cmr/m/n/12 U. S. De-part-ment of En-ergy, Types of in-su-la-tion,
 []


Underfull \hbox (badness 10000) in paragraph at lines 209--212
\OT1/cmtt/m/n/12 https://www.energy.gov/energysaver/types-insulation\OT1/cmr/m/n/12 , ac-
 []

) [47] (preprint.aux)
 ***********
LaTeX2e <2023-06-01> patch level 1
L3 programming layer <2023-08-29>
 ***********


LaTeX Warning: There were undefined references.

 ) 
Here is how much of TeX's memory you used:
 6092 strings out of 475247
 101269 string characters out of 5757792
 1934801 words of memory out of 5000000
 27557 multiletter control sequences out of 15000+600000
 566735 words of font info for 70 fonts, out of 8000000 for 9000
 1141 hyphenation exceptions out of 8191
 72i,17n,79p,1741b,399s stack positions out of 10000i,1000n,20000p,200000b,200000s
 <C:\Users\filip\AppData\Local\MiKTeX\fonts/pk/ljfour/jknappen/ec/dpi600\tcrm1200.pk><C:/Users/filip/AppData/Local/Programs/MiKTeX/fonts/type1/public/amsfonts/cm/cmbx12.pfb><C:/Users/filip/AppData/Local/Programs/MiKTeX/fonts/type1/public/amsfonts/cm/cmex10.pfb><C:/Users/filip/AppData/Local/Programs/MiKTeX/fonts/type1/public/amsfonts/cm/cmmi12.pfb><C:/Users/filip/AppData/Local/Programs/MiKTeX/fonts/type1/public/amsfonts/cm/cmmi6.pfb><C:/Users/filip/AppData/Local/Programs/MiKTeX/fonts/type1/public/amsfonts/cm/cmmi8.pfb><C:/Users/filip/AppData/Local/Programs/MiKTeX/fonts/type1/public/amsfonts/cm/cmr10.pfb><C:/Users/filip/AppData/Local/Programs/MiKTeX/fonts/type1/public/amsfonts/cm/cmr12.pfb><C:/Users/filip/AppData/Local/Programs/MiKTeX/fonts/type1/public/amsfonts/cm/cmr17.pfb><C:/Users/filip/AppData/Local/Programs/MiKTeX/fonts/type1/public/amsfonts/cm/cmr6.pfb><C:/Users/filip/AppData/Local/Programs/MiKTeX/fonts/type1/public/amsfonts/cm/cmr8.pfb><C:/Users/filip/AppData/Local/Programs/MiKTeX/fonts/type1/public/amsfonts/cm/cmsy10.pfb><C:/Users/filip/AppData/Local/Programs/MiKTeX/fonts/type1/public/amsfonts/cm/cmsy7.pfb><C:/Users/filip/AppData/Local/Programs/MiKTeX/fonts/type1/public/amsfonts/cm/cmsy8.pfb><C:/Users/filip/AppData/Local/Programs/MiKTeX/fonts/type1/public/amsfonts/cm/cmti10.pfb><C:/Users/filip/AppData/Local/Programs/MiKTeX/fonts/type1/public/amsfonts/cm/cmti12.pfb><C:/Users/filip/AppData/Local/Programs/MiKTeX/fonts/type1/public/amsfonts/cm/cmti7.pfb><C:/Users/filip/AppData/Local/Programs/MiKTeX/fonts/type1/public/amsfonts/cm/cmtt10.pfb><C:/Users/filip/AppData/Local/Programs/MiKTeX/fonts/type1/public/amsfonts/cm/cmtt12.pfb>
Output written on preprint.pdf (49 pages, 14775865 bytes).
PDF statistics:
 302 PDF objects out of 1000 (max. 8388607)
 0 named destinations out of 1000 (max. 500000)
 131 words of extra memory for PDF output out of 10000 (max. 10000000)

