This is pdfTeX, Version 3.141592653-2.6-1.40.25 (MiKTeX 23.4) (preloaded format=pdflatex 2023.9.17)  17 SEP 2023 16:16
entering extended mode
 restricted \write18 enabled.
 file:line:error style messages enabled.
 %&-line parsing enabled.
**"c:/Users/filip/OneDrive/Documentos/Research/PCMs and climate change (TCC)/Elsevier article/preprint.tex"
(c:/Users/filip/OneDrive/Documentos/Research/PCMs and climate change (TCC)/Elsevier article/preprint.tex
LaTeX2e <2022-11-01> patch level 1
L3 programming layer <2023-03-30> (C:\Users\filip\AppData\Local\Programs\MiKTeX\tex/latex/elsarticle\elsarticle.cls
Document Class: elsarticle 2020/11/20, 3.3: Elsevier Ltd
(C:\Users\filip\AppData\Local\Programs\MiKTeX\tex/latex/l3kernel\expl3.sty
Package: expl3 2023-03-30 L3 programming layer (loader) 
 (C:\Users\filip\AppData\Local\Programs\MiKTeX\tex/latex/l3backend\l3backend-pdftex.def
File: l3backend-pdftex.def 2023-03-30 L3 backend support: PDF output (pdfTeX)
\l__color_backend_stack_int=\count185
\l__pdf_internal_box=\box51
)) (C:\Users\filip\AppData\Local\Programs\MiKTeX\tex/latex/l3packages/xparse\xparse.sty
Package: xparse 2023-02-02 L3 Experimental document command parser
) (C:\Users\filip\AppData\Local\Programs\MiKTeX\tex/latex/etoolbox\etoolbox.sty
Package: etoolbox 2020/10/05 v2.5k e-TeX tools for LaTeX (JAW)
\etb@tempcnta=\count186
)
\@bls=\dimen140
 (C:\Users\filip\AppData\Local\Programs\MiKTeX\tex/latex/base\article.cls
Document Class: article 2022/07/02 v1.4n Standard LaTeX document class
(C:\Users\filip\AppData\Local\Programs\MiKTeX\tex/latex/base\size12.clo
File: size12.clo 2022/07/02 v1.4n Standard LaTeX file (size option)
)
\c@part=\count187
\c@section=\count188
\c@subsection=\count189
\c@subsubsection=\count190
\c@paragraph=\count191
\c@subparagraph=\count192
\c@figure=\count193
\c@table=\count194
\abovecaptionskip=\skip48
\belowcaptionskip=\skip49
\bibindent=\dimen141
) (C:\Users\filip\AppData\Local\Programs\MiKTeX\tex/latex/graphics\graphicx.sty
Package: graphicx 2021/09/16 v1.2d Enhanced LaTeX Graphics (DPC,SPQR)
 (C:\Users\filip\AppData\Local\Programs\MiKTeX\tex/latex/graphics\keyval.sty
Package: keyval 2022/05/29 v1.15 key=value parser (DPC)
\KV@toks@=\toks16
) (C:\Users\filip\AppData\Local\Programs\MiKTeX\tex/latex/graphics\graphics.sty
Package: graphics 2022/03/10 v1.4e Standard LaTeX Graphics (DPC,SPQR)
 (C:\Users\filip\AppData\Local\Programs\MiKTeX\tex/latex/graphics\trig.sty
Package: trig 2021/08/11 v1.11 sin cos tan (DPC)
) (C:\Users\filip\AppData\Local\Programs\MiKTeX\tex/latex/graphics-cfg\graphics.cfg
File: graphics.cfg 2016/06/04 v1.11 sample graphics configuration
)
Package graphics Info: Driver file: pdftex.def on input line 107.
 (C:\Users\filip\AppData\Local\Programs\MiKTeX\tex/latex/graphics-def\pdftex.def
File: pdftex.def 2022/09/22 v1.2b Graphics/color driver for pdftex
))
\Gin@req@height=\dimen142
\Gin@req@width=\dimen143
)
\c@tnote=\count195
\c@fnote=\count196
\c@cnote=\count197
\c@ead=\count198
\c@author=\count199
\@eadauthor=\toks17
\c@affn=\count266
\absbox=\box52
\elsarticlehighlightsbox=\box53
\elsarticlegrabsbox=\box54
\keybox=\box55
\Columnwidth=\dimen144
\space@left=\dimen145
\els@boxa=\box56
\els@boxb=\box57
\leftMargin=\dimen146
\@enLab=\toks18
\@sep=\skip50
\@@sep=\skip51
 (preprint.spl) (C:\Users\filip\AppData\Local\Programs\MiKTeX\tex/latex/natbib\natbib.sty
Package: natbib 2010/09/13 8.31b (PWD, AO)
\bibhang=\skip52
\bibsep=\skip53
LaTeX Info: Redefining \cite on input line 694.
\c@NAT@ctr=\count267
)
\splwrite=\write3
\openout3 = `preprint.spl'.

\appnamewidth=\dimen147
) (C:\Users\filip\AppData\Local\Programs\MiKTeX\tex/latex/amsfonts\amssymb.sty
Package: amssymb 2013/01/14 v3.01 AMS font symbols
 (C:\Users\filip\AppData\Local\Programs\MiKTeX\tex/latex/amsfonts\amsfonts.sty
Package: amsfonts 2013/01/14 v3.01 Basic AMSFonts support
\@emptytoks=\toks19
\symAMSa=\mathgroup4
\symAMSb=\mathgroup5
LaTeX Font Info:    Redeclaring math symbol \hbar on input line 98.
LaTeX Font Info:    Overwriting math alphabet `\mathfrak' in version `bold'
(Font)                  U/euf/m/n --> U/euf/b/n on input line 106.
)) (C:\Users\filip\AppData\Local\Programs\MiKTeX\tex/latex/amsmath\amsmath.sty
Package: amsmath 2022/04/08 v2.17n AMS math features
\@mathmargin=\skip54

For additional information on amsmath, use the `?' option.
(C:\Users\filip\AppData\Local\Programs\MiKTeX\tex/latex/amsmath\amstext.sty
Package: amstext 2021/08/26 v2.01 AMS text
 (C:\Users\filip\AppData\Local\Programs\MiKTeX\tex/latex/amsmath\amsgen.sty
File: amsgen.sty 1999/11/30 v2.0 generic functions
\@emptytoks=\toks20
\ex@=\dimen148
)) (C:\Users\filip\AppData\Local\Programs\MiKTeX\tex/latex/amsmath\amsbsy.sty
Package: amsbsy 1999/11/29 v1.2d Bold Symbols
\pmbraise@=\dimen149
) (C:\Users\filip\AppData\Local\Programs\MiKTeX\tex/latex/amsmath\amsopn.sty
Package: amsopn 2022/04/08 v2.04 operator names
)
\inf@bad=\count268
LaTeX Info: Redefining \frac on input line 234.
\uproot@=\count269
\leftroot@=\count270
LaTeX Info: Redefining \overline on input line 399.
LaTeX Info: Redefining \colon on input line 410.
\classnum@=\count271
\DOTSCASE@=\count272
LaTeX Info: Redefining \ldots on input line 496.
LaTeX Info: Redefining \dots on input line 499.
LaTeX Info: Redefining \cdots on input line 620.
\Mathstrutbox@=\box58
\strutbox@=\box59
LaTeX Info: Redefining \big on input line 722.
LaTeX Info: Redefining \Big on input line 723.
LaTeX Info: Redefining \bigg on input line 724.
LaTeX Info: Redefining \Bigg on input line 725.
\big@size=\dimen150
LaTeX Font Info:    Redeclaring font encoding OML on input line 743.
LaTeX Font Info:    Redeclaring font encoding OMS on input line 744.
\macc@depth=\count273
LaTeX Info: Redefining \bmod on input line 905.
LaTeX Info: Redefining \pmod on input line 910.
LaTeX Info: Redefining \smash on input line 940.
LaTeX Info: Redefining \relbar on input line 970.
LaTeX Info: Redefining \Relbar on input line 971.
\c@MaxMatrixCols=\count274
\dotsspace@=\muskip16
\c@parentequation=\count275
\dspbrk@lvl=\count276
\tag@help=\toks21
\row@=\count277
\column@=\count278
\maxfields@=\count279
\andhelp@=\toks22
\eqnshift@=\dimen151
\alignsep@=\dimen152
\tagshift@=\dimen153
\tagwidth@=\dimen154
\totwidth@=\dimen155
\lineht@=\dimen156
\@envbody=\toks23
\multlinegap=\skip55
\multlinetaggap=\skip56
\mathdisplay@stack=\toks24
LaTeX Info: Redefining \[ on input line 2953.
LaTeX Info: Redefining \] on input line 2954.
) (C:\Users\filip\AppData\Local\Programs\MiKTeX\tex/latex/makecell\makecell.sty
Package: makecell 2009/08/03 V0.1e Managing of Tab Column Heads and Cells
 (C:\Users\filip\AppData\Local\Programs\MiKTeX\tex/latex/tools\array.sty
Package: array 2022/09/04 v2.5g Tabular extension package (FMi)
\col@sep=\dimen157
\ar@mcellbox=\box60
\extrarowheight=\dimen158
\NC@list=\toks25
\extratabsurround=\skip57
\backup@length=\skip58
\ar@cellbox=\box61
)
\rotheadsize=\dimen159
\c@nlinenum=\count280
\TeXr@lab=\toks26
) (C:\Users\filip\AppData\Local\Programs\MiKTeX\tex/latex/subfig\subfig.sty
Package: subfig 2005/06/28 ver: 1.3 subfig package
 (C:\Users\filip\AppData\Local\Programs\MiKTeX\tex/latex/caption\caption.sty
Package: caption 2023/07/31 v3.6n Customizing captions (AR)
 (C:\Users\filip\AppData\Local\Programs\MiKTeX\tex/latex/caption\caption3.sty
Package: caption3 2023/07/31 v2.4d caption3 kernel (AR)
\caption@tempdima=\dimen160
\captionmargin=\dimen161
\caption@leftmargin=\dimen162
\caption@rightmargin=\dimen163
\caption@width=\dimen164
\caption@indent=\dimen165
\caption@parindent=\dimen166
\caption@hangindent=\dimen167
Package caption Info: elsarticle document class detected.
 (C:\Users\filip\AppData\Local\Programs\MiKTeX\tex/latex/caption\caption-elsarticle.sto
File: caption-elsarticle.sto 2020/08/22 v2.0 Adaption of the caption package to the elsarticle document class (AR)
))
\c@caption@flags=\count281
\c@continuedfloat=\count282
)
\c@KVtest=\count283
\sf@farskip=\skip59
\sf@captopadj=\dimen168
\sf@capskip=\skip60
\sf@nearskip=\skip61
\c@subfigure=\count284
\c@subfigure@save=\count285
\c@lofdepth=\count286
\c@subtable=\count287
\c@subtable@save=\count288
\c@lotdepth=\count289
\sf@top=\skip62
\sf@bottom=\skip63
) (C:\Users\filip\AppData\Local\Programs\MiKTeX\tex/latex/booktabs\booktabs.sty
Package: booktabs 2020/01/12 v1.61803398 Publication quality tables
\heavyrulewidth=\dimen169
\lightrulewidth=\dimen170
\cmidrulewidth=\dimen171
\belowrulesep=\dimen172
\belowbottomsep=\dimen173
\aboverulesep=\dimen174
\abovetopsep=\dimen175
\cmidrulesep=\dimen176
\cmidrulekern=\dimen177
\defaultaddspace=\dimen178
\@cmidla=\count290
\@cmidlb=\count291
\@aboverulesep=\dimen179
\@belowrulesep=\dimen180
\@thisruleclass=\count292
\@lastruleclass=\count293
\@thisrulewidth=\dimen181
)

LaTeX Warning: Unused global option(s):
    [2023].

(preprint.aux)
\openout1 = `preprint.aux'.

LaTeX Font Info:    Checking defaults for OML/cmm/m/it on input line 13.
LaTeX Font Info:    ... okay on input line 13.
LaTeX Font Info:    Checking defaults for OMS/cmsy/m/n on input line 13.
LaTeX Font Info:    ... okay on input line 13.
LaTeX Font Info:    Checking defaults for OT1/cmr/m/n on input line 13.
LaTeX Font Info:    ... okay on input line 13.
LaTeX Font Info:    Checking defaults for T1/cmr/m/n on input line 13.
LaTeX Font Info:    ... okay on input line 13.
LaTeX Font Info:    Checking defaults for TS1/cmr/m/n on input line 13.
LaTeX Font Info:    ... okay on input line 13.
LaTeX Font Info:    Checking defaults for OMX/cmex/m/n on input line 13.
LaTeX Font Info:    ... okay on input line 13.
LaTeX Font Info:    Checking defaults for U/cmr/m/n on input line 13.
LaTeX Font Info:    ... okay on input line 13.
 (C:\Users\filip\AppData\Local\Programs\MiKTeX\tex/context/base/mkii\supp-pdf.mkii
[Loading MPS to PDF converter (version 2006.09.02).]
\scratchcounter=\count294
\scratchdimen=\dimen182
\scratchbox=\box62
\nofMPsegments=\count295
\nofMParguments=\count296
\everyMPshowfont=\toks27
\MPscratchCnt=\count297
\MPscratchDim=\dimen183
\MPnumerator=\count298
\makeMPintoPDFobject=\count299
\everyMPtoPDFconversion=\toks28
) (C:\Users\filip\AppData\Local\Programs\MiKTeX\tex/latex/epstopdf-pkg\epstopdf-base.sty
Package: epstopdf-base 2020-01-24 v2.11 Base part for package epstopdf
Package epstopdf-base Info: Redefining graphics rule for `.eps' on input line 485.
 (C:\Users\filip\AppData\Local\Programs\MiKTeX\tex/latex/00miktex\epstopdf-sys.cfg
File: epstopdf-sys.cfg 2021/03/18 v2.0 Configuration of epstopdf for MiKTeX
))
Package caption Info: Begin \AtBeginDocument code.
Package caption Info: subfig package v1.3 is loaded.
Package caption Info: End \AtBeginDocument code.
 [1

{C:/Users/filip/AppData/Local/MiKTeX/fonts/map/pdftex/pdftex.map}] [2

]
LaTeX Font Info:    Trying to load font information for U+msa on input line 57.
 (C:\Users\filip\AppData\Local\Programs\MiKTeX\tex/latex/amsfonts\umsa.fd
File: umsa.fd 2013/01/14 v3.01 AMS symbols A
)
LaTeX Font Info:    Trying to load font information for U+msb on input line 57.
 (C:\Users\filip\AppData\Local\Programs\MiKTeX\tex/latex/amsfonts\umsb.fd
File: umsb.fd 2013/01/14 v3.01 AMS symbols B
)
Overfull \hbox (2.61108pt too wide) has occurred while \output is active
[] 
 []

[1


] [2]
Overfull \hbox (27.10817pt too wide) in paragraph at lines 76--77
\OT1/cmr/m/n/12 en-velopes, en-ergy con-sump-tion with the Heat-ing, Ven-ti-la-tion and Air-Conditioning
 []

[3] [4]
Overfull \hbox (1.69316pt too wide) in paragraph at lines 87--88
[]\OT1/cmr/m/n/12 Phase change ma-te-ri-als per-form dif-fer-ently in dif-fer-ent cli-mates, as demon-
 []

[5] [6]
<images//pcm working ranges.jpg, id=39, 574.39594pt x 341.77687pt>
File: images//pcm working ranges.jpg Graphic file (type jpg)
<use images//pcm working ranges.jpg>
Package pdftex.def Info: images//pcm working ranges.jpg  used on input line 108.
(pdftex.def)             Requested size: 272.99881pt x 162.44478pt.
 [7] [8 <./images//pcm working ranges.jpg>]
<images//hysteresis curve.jpg, id=47, 641.39626pt x 382.42876pt>
File: images//hysteresis curve.jpg Graphic file (type jpg)
<use images//hysteresis curve.jpg>
Package pdftex.def Info: images//hysteresis curve.jpg  used on input line 130.
(pdftex.def)             Requested size: 272.99881pt x 162.77806pt.
<images//system nodes.jpg, id=48, 481.04718pt x 322.95656pt>
File: images//system nodes.jpg Graphic file (type jpg)
<use images//system nodes.jpg>
Package pdftex.def Info: images//system nodes.jpg  used on input line 140.
(pdftex.def)             Requested size: 234.00238pt x 157.10188pt.
 [9 <./images//hysteresis curve.jpg>]
<images//discretization.jpg, id=55, 833.36343pt x 237.88875pt>
File: images//discretization.jpg Graphic file (type jpg)
<use images//discretization.jpg>
Package pdftex.def Info: images//discretization.jpg  used on input line 196.
(pdftex.def)             Requested size: 370.49881pt x 105.76033pt.
 [10 <./images//system nodes.jpg>] [11 <./images//discretization.jpg>] [12] [13] [14]
Overfull \hbox (7.16162pt too wide) in paragraph at lines 292--299
 [][] 
 []

[15] [16] [17]
<images//geometry.jpg, id=84, 601.4972pt x 262.73157pt>
File: images//geometry.jpg Graphic file (type jpg)
<use images//geometry.jpg>
Package pdftex.def Info: images//geometry.jpg  used on input line 339.
(pdftex.def)             Requested size: 272.99881pt x 119.24637pt.


LaTeX Warning: `h' float specifier changed to `ht'.

[18]
<images//thermal zones.jpg, id=88, 542.025pt x 339.51843pt>
File: images//thermal zones.jpg Graphic file (type jpg)
<use images//thermal zones.jpg>
Package pdftex.def Info: images//thermal zones.jpg  used on input line 361.
(pdftex.def)             Requested size: 142.26378pt x 89.11197pt.
<images//building division.jpg, id=89, 605.26125pt x 289.83281pt>
File: images//building division.jpg Graphic file (type jpg)
<use images//building division.jpg>
Package pdftex.def Info: images//building division.jpg  used on input line 363.
(pdftex.def)             Requested size: 199.16928pt x 95.37093pt.


LaTeX Warning: `h' float specifier changed to `ht'.

[19 <./images//geometry.jpg>] [20 <./images//thermal zones.jpg> <./images//building division.jpg>] [21] [22]
Overfull \hbox (2.59862pt too wide) in paragraph at lines 402--418
 [][][] 
 []

<images//EUI comp Curitiba.png, id=102, 1259.688pt x 424.86pt>
File: images//EUI comp Curitiba.png Graphic file (type png)
<use images//EUI comp Curitiba.png>
Package pdftex.def Info: images//EUI comp Curitiba.png  used on input line 428.
(pdftex.def)             Requested size: 390.0pt x 131.53668pt.

LaTeX Warning: `h' float specifier changed to `ht'.

[23] [24 <./images//EUI comp Curitiba.png>]
<images//zn3 curitiba.png, id=112, 1266.477pt x 422.889pt>
File: images//zn3 curitiba.png Graphic file (type png)
<use images//zn3 curitiba.png>
Package pdftex.def Info: images//zn3 curitiba.png  used on input line 446.
(pdftex.def)             Requested size: 390.0pt x 130.22311pt.
 [25 <./images//zn3 curitiba.png>]
<images//tq zn3 curitiba.png, id=117, 1327.797pt x 506.547pt>
File: images//tq zn3 curitiba.png Graphic file (type png)
<use images//tq zn3 curitiba.png>
Package pdftex.def Info: images//tq zn3 curitiba.png  used on input line 455.
(pdftex.def)             Requested size: 390.0pt x 148.7808pt.
 [26 <./images//tq zn3 curitiba.png>]
<images//pcm zn3 curitiba.png, id=122, 1313.0145pt x 417.633pt>
File: images//pcm zn3 curitiba.png Graphic file (type png)
<use images//pcm zn3 curitiba.png>
Package pdftex.def Info: images//pcm zn3 curitiba.png  used on input line 471.
(pdftex.def)             Requested size: 390.0pt x 124.0482pt.
 [27 <./images//pcm zn3 curitiba.png>]
<images//zn1 curitiba.png, id=127, 1266.477pt x 422.889pt>
File: images//zn1 curitiba.png Graphic file (type png)
<use images//zn1 curitiba.png>
Package pdftex.def Info: images//zn1 curitiba.png  used on input line 484.
(pdftex.def)             Requested size: 390.0pt x 130.22311pt.
<images//tq zn1 curitiba.png, id=128, 1327.797pt x 506.547pt>
File: images//tq zn1 curitiba.png Graphic file (type png)
<use images//tq zn1 curitiba.png>
Package pdftex.def Info: images//tq zn1 curitiba.png  used on input line 493.
(pdftex.def)             Requested size: 390.0pt x 148.7808pt.


LaTeX Warning: `h' float specifier changed to `ht'.

[28 <./images//zn1 curitiba.png>] [29 <./images//tq zn1 curitiba.png>]
<images//pcm zn1 curitiba.png, id=138, 1313.0145pt x 417.633pt>
File: images//pcm zn1 curitiba.png Graphic file (type png)
<use images//pcm zn1 curitiba.png>
Package pdftex.def Info: images//pcm zn1 curitiba.png  used on input line 506.
(pdftex.def)             Requested size: 390.0pt x 124.0482pt.
<images//plenum curitiba.png, id=139, 1266.477pt x 422.889pt>
File: images//plenum curitiba.png Graphic file (type png)
<use images//plenum curitiba.png>
Package pdftex.def Info: images//plenum curitiba.png  used on input line 516.
(pdftex.def)             Requested size: 390.0pt x 130.22311pt.


LaTeX Warning: `h' float specifier changed to `ht'.

[30 <./images//pcm zn1 curitiba.png>]
<images//tq plenum curitiba.png, id=144, 1327.797pt x 506.547pt>
File: images//tq plenum curitiba.png Graphic file (type png)
<use images//tq plenum curitiba.png>
Package pdftex.def Info: images//tq plenum curitiba.png  used on input line 525.
(pdftex.def)             Requested size: 390.0pt x 148.7808pt.
<images//pcm plenum curitiba.png, id=145, 1313.0145pt x 417.633pt>
File: images//pcm plenum curitiba.png Graphic file (type png)
<use images//pcm plenum curitiba.png>
Package pdftex.def Info: images//pcm plenum curitiba.png  used on input line 532.
(pdftex.def)             Requested size: 390.0pt x 124.0482pt.
 [31 <./images//plenum curitiba.png> <./images//tq plenum curitiba.png>] [32 <./images//pcm plenum curitiba.png>]
<images//EUI comp rj.png, id=155, 1259.688pt x 424.86pt>
File: images//EUI comp rj.png Graphic file (type png)
<use images//EUI comp rj.png>
Package pdftex.def Info: images//EUI comp rj.png  used on input line 547.
(pdftex.def)             Requested size: 390.0pt x 131.53668pt.


LaTeX Warning: Reference `gif 18' on page 33 undefined on input line 557.

<images//zn3 rj.png, id=156, 1266.477pt x 422.889pt>
File: images//zn3 rj.png Graphic file (type png)
<use images//zn3 rj.png>
Package pdftex.def Info: images//zn3 rj.png  used on input line 562.
(pdftex.def)             Requested size: 390.0pt x 130.22311pt.

LaTeX Warning: `h' float specifier changed to `ht'.


LaTeX Warning: Reference `gif 18' on page 33 undefined on input line 567.

[33 <./images//EUI comp rj.png>]
<images//tq zn3 rj.png, id=161, 1327.797pt x 506.547pt>
File: images//tq zn3 rj.png Graphic file (type png)
<use images//tq zn3 rj.png>
Package pdftex.def Info: images//tq zn3 rj.png  used on input line 573.
(pdftex.def)             Requested size: 390.0pt x 148.7808pt.


LaTeX Warning: `h' float specifier changed to `ht'.

<images//pcm zn3 rj.png, id=162, 1312.905pt x 417.633pt>
File: images//pcm zn3 rj.png Graphic file (type png)
<use images//pcm zn3 rj.png>
Package pdftex.def Info: images//pcm zn3 rj.png  used on input line 582.
(pdftex.def)             Requested size: 390.0pt x 124.05458pt.
[34 <./images//zn3 rj.png>] [35 <./images//tq zn3 rj.png> <./images//pcm zn3 rj.png>]
<images//zn1 rj.png, id=173, 1266.477pt x 422.889pt>
File: images//zn1 rj.png Graphic file (type png)
<use images//zn1 rj.png>
Package pdftex.def Info: images//zn1 rj.png  used on input line 595.
(pdftex.def)             Requested size: 390.0pt x 130.22311pt.
<images//tq zn1 rj.png, id=174, 1327.797pt x 506.547pt>
File: images//tq zn1 rj.png Graphic file (type png)
<use images//tq zn1 rj.png>
Package pdftex.def Info: images//tq zn1 rj.png  used on input line 604.
(pdftex.def)             Requested size: 390.0pt x 148.7808pt.


LaTeX Warning: `h' float specifier changed to `ht'.

<images//pcm zn1 rj.png, id=175, 1312.905pt x 417.633pt>
File: images//pcm zn1 rj.png Graphic file (type png)
<use images//pcm zn1 rj.png>
Package pdftex.def Info: images//pcm zn1 rj.png  used on input line 613.
(pdftex.def)             Requested size: 390.0pt x 124.05458pt.

LaTeX Warning: `h' float specifier changed to `ht'.

[36 <./images//zn1 rj.png>]
File: images//plenum curitiba.png Graphic file (type png)
<use images//plenum curitiba.png>
Package pdftex.def Info: images//plenum curitiba.png  used on input line 625.
(pdftex.def)             Requested size: 390.0pt x 130.22311pt.


LaTeX Warning: `h' float specifier changed to `ht'.

[37 <./images//tq zn1 rj.png> <./images//pcm zn1 rj.png>]
File: images//tq plenum curitiba.png Graphic file (type png)
<use images//tq plenum curitiba.png>
Package pdftex.def Info: images//tq plenum curitiba.png  used on input line 642.
(pdftex.def)             Requested size: 390.0pt x 148.7808pt.


LaTeX Warning: `h' float specifier changed to `ht'.

File: images//pcm plenum curitiba.png Graphic file (type png)
<use images//pcm plenum curitiba.png>
Package pdftex.def Info: images//pcm plenum curitiba.png  used on input line 651.
(pdftex.def)             Requested size: 390.0pt x 124.0482pt.
[38] [39] [40] [41] (preprint.bbl) [42] (preprint.aux)

LaTeX Warning: There were undefined references.

 ) 
Here is how much of TeX's memory you used:
 5911 strings out of 476331
 97829 string characters out of 5787765
 1864660 words of memory out of 5000000
 26268 multiletter control sequences out of 15000+600000
 520784 words of font info for 65 fonts, out of 8000000 for 9000
 1141 hyphenation exceptions out of 8191
 72i,17n,79p,1887b,399s stack positions out of 10000i,1000n,20000p,200000b,200000s
 <C:\Users\filip\AppData\Local\MiKTeX\fonts/pk/ljfour/jknappen/ec/dpi600\tcrm1200.pk><C:/Users/filip/AppData/Local/Programs/MiKTeX/fonts/type1/public/amsfonts/cm/cmbx12.pfb><C:/Users/filip/AppData/Local/Programs/MiKTeX/fonts/type1/public/amsfonts/cm/cmex10.pfb><C:/Users/filip/AppData/Local/Programs/MiKTeX/fonts/type1/public/amsfonts/cm/cmmi12.pfb><C:/Users/filip/AppData/Local/Programs/MiKTeX/fonts/type1/public/amsfonts/cm/cmmi6.pfb><C:/Users/filip/AppData/Local/Programs/MiKTeX/fonts/type1/public/amsfonts/cm/cmmi8.pfb><C:/Users/filip/AppData/Local/Programs/MiKTeX/fonts/type1/public/amsfonts/cm/cmr10.pfb><C:/Users/filip/AppData/Local/Programs/MiKTeX/fonts/type1/public/amsfonts/cm/cmr12.pfb><C:/Users/filip/AppData/Local/Programs/MiKTeX/fonts/type1/public/amsfonts/cm/cmr17.pfb><C:/Users/filip/AppData/Local/Programs/MiKTeX/fonts/type1/public/amsfonts/cm/cmr6.pfb><C:/Users/filip/AppData/Local/Programs/MiKTeX/fonts/type1/public/amsfonts/cm/cmr8.pfb><C:/Users/filip/AppData/Local/Programs/MiKTeX/fonts/type1/public/amsfonts/cm/cmsy10.pfb><C:/Users/filip/AppData/Local/Programs/MiKTeX/fonts/type1/public/amsfonts/cm/cmsy7.pfb><C:/Users/filip/AppData/Local/Programs/MiKTeX/fonts/type1/public/amsfonts/cm/cmsy8.pfb><C:/Users/filip/AppData/Local/Programs/MiKTeX/fonts/type1/public/amsfonts/cm/cmti10.pfb><C:/Users/filip/AppData/Local/Programs/MiKTeX/fonts/type1/public/amsfonts/cm/cmti12.pfb><C:/Users/filip/AppData/Local/Programs/MiKTeX/fonts/type1/public/amsfonts/cm/cmti7.pfb><C:/Users/filip/AppData/Local/Programs/MiKTeX/fonts/type1/public/amsfonts/cm/cmtt10.pfb>
Output written on preprint.pdf (44 pages, 14617773 bytes).
PDF statistics:
 279 PDF objects out of 1000 (max. 8388607)
 0 named destinations out of 1000 (max. 500000)
 121 words of extra memory for PDF output out of 10000 (max. 10000000)

